<?xml version="1.0" encoding="UTF-8"?>
<testsuite xmlns:xsi="http://www.w3.org/2001/XMLSchema-instance" xsi:noNamespaceSchemaLocation="https://maven.apache.org/surefire/maven-surefire-plugin/xsd/surefire-test-report.xsd" version="3.0.2" name="br.ufscar.dc.dsw.VeiculosMvcApplicationTests" time="4.68" tests="1" errors="0" skipped="0" failures="0">
  <properties>
    <property name="java.specification.version" value="21"/>
    <property name="sun.jnu.encoding" value="UTF-8"/>
    <property name="java.class.path" value="/home/adriano/UFSCar/DSW1/Trabalho/dsw1-t1/VeiculosMVC/target/test-classes:/home/adriano/UFSCar/DSW1/Trabalho/dsw1-t1/VeiculosMVC/target/classes:/home/adriano/.m2/repository/org/springframework/boot/spring-boot-starter-data-jpa/3.4.6/spring-boot-starter-data-jpa-3.4.6.jar:/home/adriano/.m2/repository/org/springframework/boot/spring-boot-starter/3.4.6/spring-boot-starter-3.4.6.jar:/home/adriano/.m2/repository/org/springframework/boot/spring-boot-starter-logging/3.4.6/spring-boot-starter-logging-3.4.6.jar:/home/adriano/.m2/repository/ch/qos/logback/logback-classic/1.5.18/logback-classic-1.5.18.jar:/home/adriano/.m2/repository/ch/qos/logback/logback-core/1.5.18/logback-core-1.5.18.jar:/home/adriano/.m2/repository/org/apache/logging/log4j/log4j-to-slf4j/2.24.3/log4j-to-slf4j-2.24.3.jar:/home/adriano/.m2/repository/org/apache/logging/log4j/log4j-api/2.24.3/log4j-api-2.24.3.jar:/home/adriano/.m2/repository/org/slf4j/jul-to-slf4j/2.0.17/jul-to-slf4j-2.0.17.jar:/home/adriano/.m2/repository/jakarta/annotation/jakarta.annotation-api/2.1.1/jakarta.annotation-api-2.1.1.jar:/home/adriano/.m2/repository/org/yaml/snakeyaml/2.3/snakeyaml-2.3.jar:/home/adriano/.m2/repository/org/springframework/boot/spring-boot-starter-jdbc/3.4.6/spring-boot-starter-jdbc-3.4.6.jar:/home/adriano/.m2/repository/com/zaxxer/HikariCP/5.1.0/HikariCP-5.1.0.jar:/home/adriano/.m2/repository/org/springframework/spring-jdbc/6.2.7/spring-jdbc-6.2.7.jar:/home/adriano/.m2/repository/org/hibernate/orm/hibernate-core/6.6.15.Final/hibernate-core-6.6.15.Final.jar:/home/adriano/.m2/repository/jakarta/persistence/jakarta.persistence-api/3.1.0/jakarta.persistence-api-3.1.0.jar:/home/adriano/.m2/repository/jakarta/transaction/jakarta.transaction-api/2.0.1/jakarta.transaction-api-2.0.1.jar:/home/adriano/.m2/repository/org/jboss/logging/jboss-logging/3.6.1.Final/jboss-logging-3.6.1.Final.jar:/home/adriano/.m2/repository/org/hibernate/common/hibernate-commons-annotations/7.0.3.Final/hibernate-commons-annotations-7.0.3.Final.jar:/home/adriano/.m2/repository/io/smallrye/jandex/3.2.0/jandex-3.2.0.jar:/home/adriano/.m2/repository/com/fasterxml/classmate/1.7.0/classmate-1.7.0.jar:/home/adriano/.m2/repository/net/bytebuddy/byte-buddy/1.15.11/byte-buddy-1.15.11.jar:/home/adriano/.m2/repository/org/glassfish/jaxb/jaxb-runtime/4.0.5/jaxb-runtime-4.0.5.jar:/home/adriano/.m2/repository/org/glassfish/jaxb/jaxb-core/4.0.5/jaxb-core-4.0.5.jar:/home/adriano/.m2/repository/org/eclipse/angus/angus-activation/2.0.2/angus-activation-2.0.2.jar:/home/adriano/.m2/repository/org/glassfish/jaxb/txw2/4.0.5/txw2-4.0.5.jar:/home/adriano/.m2/repository/com/sun/istack/istack-commons-runtime/4.1.2/istack-commons-runtime-4.1.2.jar:/home/adriano/.m2/repository/jakarta/inject/jakarta.inject-api/2.0.1/jakarta.inject-api-2.0.1.jar:/home/adriano/.m2/repository/org/antlr/antlr4-runtime/4.13.0/antlr4-runtime-4.13.0.jar:/home/adriano/.m2/repository/org/springframework/data/spring-data-jpa/3.4.6/spring-data-jpa-3.4.6.jar:/home/adriano/.m2/repository/org/springframework/data/spring-data-commons/3.4.6/spring-data-commons-3.4.6.jar:/home/adriano/.m2/repository/org/springframework/spring-orm/6.2.7/spring-orm-6.2.7.jar:/home/adriano/.m2/repository/org/springframework/spring-context/6.2.7/spring-context-6.2.7.jar:/home/adriano/.m2/repository/org/springframework/spring-tx/6.2.7/spring-tx-6.2.7.jar:/home/adriano/.m2/repository/org/springframework/spring-beans/6.2.7/spring-beans-6.2.7.jar:/home/adriano/.m2/repository/org/springframework/spring-aspects/6.2.7/spring-aspects-6.2.7.jar:/home/adriano/.m2/repository/org/aspectj/aspectjweaver/1.9.24/aspectjweaver-1.9.24.jar:/home/adriano/.m2/repository/org/springframework/boot/spring-boot-starter-security/3.4.6/spring-boot-starter-security-3.4.6.jar:/home/adriano/.m2/repository/org/springframework/spring-aop/6.2.7/spring-aop-6.2.7.jar:/home/adriano/.m2/repository/org/springframework/security/spring-security-config/6.4.6/spring-security-config-6.4.6.jar:/home/adriano/.m2/repository/org/springframework/security/spring-security-web/6.4.6/spring-security-web-6.4.6.jar:/home/adriano/.m2/repository/org/springframework/spring-expression/6.2.7/spring-expression-6.2.7.jar:/home/adriano/.m2/repository/org/springframework/boot/spring-boot-starter-thymeleaf/3.4.6/spring-boot-starter-thymeleaf-3.4.6.jar:/home/adriano/.m2/repository/org/thymeleaf/thymeleaf-spring6/3.1.3.RELEASE/thymeleaf-spring6-3.1.3.RELEASE.jar:/home/adriano/.m2/repository/org/springframework/boot/spring-boot-starter-validation/3.4.6/spring-boot-starter-validation-3.4.6.jar:/home/adriano/.m2/repository/org/apache/tomcat/embed/tomcat-embed-el/10.1.41/tomcat-embed-el-10.1.41.jar:/home/adriano/.m2/repository/org/hibernate/validator/hibernate-validator/8.0.2.Final/hibernate-validator-8.0.2.Final.jar:/home/adriano/.m2/repository/org/springframework/boot/spring-boot-starter-web/3.4.6/spring-boot-starter-web-3.4.6.jar:/home/adriano/.m2/repository/org/springframework/boot/spring-boot-starter-json/3.4.6/spring-boot-starter-json-3.4.6.jar:/home/adriano/.m2/repository/com/fasterxml/jackson/core/jackson-databind/2.18.4/jackson-databind-2.18.4.jar:/home/adriano/.m2/repository/com/fasterxml/jackson/core/jackson-annotations/2.18.4/jackson-annotations-2.18.4.jar:/home/adriano/.m2/repository/com/fasterxml/jackson/datatype/jackson-datatype-jdk8/2.18.4/jackson-datatype-jdk8-2.18.4.jar:/home/adriano/.m2/repository/com/fasterxml/jackson/datatype/jackson-datatype-jsr310/2.18.4/jackson-datatype-jsr310-2.18.4.jar:/home/adriano/.m2/repository/com/fasterxml/jackson/module/jackson-module-parameter-names/2.18.4/jackson-module-parameter-names-2.18.4.jar:/home/adriano/.m2/repository/org/springframework/boot/spring-boot-starter-tomcat/3.4.6/spring-boot-starter-tomcat-3.4.6.jar:/home/adriano/.m2/repository/org/apache/tomcat/embed/tomcat-embed-core/10.1.41/tomcat-embed-core-10.1.41.jar:/home/adriano/.m2/repository/org/apache/tomcat/embed/tomcat-embed-websocket/10.1.41/tomcat-embed-websocket-10.1.41.jar:/home/adriano/.m2/repository/org/springframework/spring-web/6.2.7/spring-web-6.2.7.jar:/home/adriano/.m2/repository/io/micrometer/micrometer-observation/1.14.7/micrometer-observation-1.14.7.jar:/home/adriano/.m2/repository/io/micrometer/micrometer-commons/1.14.7/micrometer-commons-1.14.7.jar:/home/adriano/.m2/repository/org/springframework/spring-webmvc/6.2.7/spring-webmvc-6.2.7.jar:/home/adriano/.m2/repository/org/thymeleaf/extras/thymeleaf-extras-springsecurity6/3.1.3.RELEASE/thymeleaf-extras-springsecurity6-3.1.3.RELEASE.jar:/home/adriano/.m2/repository/org/slf4j/slf4j-api/2.0.17/slf4j-api-2.0.17.jar:/home/adriano/.m2/repository/org/springframework/boot/spring-boot-devtools/3.4.6/spring-boot-devtools-3.4.6.jar:/home/adriano/.m2/repository/org/springframework/boot/spring-boot/3.4.6/spring-boot-3.4.6.jar:/home/adriano/.m2/repository/org/springframework/boot/spring-boot-autoconfigure/3.4.6/spring-boot-autoconfigure-3.4.6.jar:/home/adriano/.m2/repository/org/springframework/boot/spring-boot-starter-test/3.4.6/spring-boot-starter-test-3.4.6.jar:/home/adriano/.m2/repository/org/springframework/boot/spring-boot-test/3.4.6/spring-boot-test-3.4.6.jar:/home/adriano/.m2/repository/org/springframework/boot/spring-boot-test-autoconfigure/3.4.6/spring-boot-test-autoconfigure-3.4.6.jar:/home/adriano/.m2/repository/com/jayway/jsonpath/json-path/2.9.0/json-path-2.9.0.jar:/home/adriano/.m2/repository/jakarta/xml/bind/jakarta.xml.bind-api/4.0.2/jakarta.xml.bind-api-4.0.2.jar:/home/adriano/.m2/repository/jakarta/activation/jakarta.activation-api/2.1.3/jakarta.activation-api-2.1.3.jar:/home/adriano/.m2/repository/net/minidev/json-smart/2.5.2/json-smart-2.5.2.jar:/home/adriano/.m2/repository/net/minidev/accessors-smart/2.5.2/accessors-smart-2.5.2.jar:/home/adriano/.m2/repository/org/ow2/asm/asm/9.7.1/asm-9.7.1.jar:/home/adriano/.m2/repository/org/assertj/assertj-core/3.26.3/assertj-core-3.26.3.jar:/home/adriano/.m2/repository/org/awaitility/awaitility/4.2.2/awaitility-4.2.2.jar:/home/adriano/.m2/repository/org/hamcrest/hamcrest/2.2/hamcrest-2.2.jar:/home/adriano/.m2/repository/org/junit/jupiter/junit-jupiter/5.11.4/junit-jupiter-5.11.4.jar:/home/adriano/.m2/repository/org/junit/jupiter/junit-jupiter-api/5.11.4/junit-jupiter-api-5.11.4.jar:/home/adriano/.m2/repository/org/opentest4j/opentest4j/1.3.0/opentest4j-1.3.0.jar:/home/adriano/.m2/repository/org/junit/platform/junit-platform-commons/1.11.4/junit-platform-commons-1.11.4.jar:/home/adriano/.m2/repository/org/apiguardian/apiguardian-api/1.1.2/apiguardian-api-1.1.2.jar:/home/adriano/.m2/repository/org/junit/jupiter/junit-jupiter-params/5.11.4/junit-jupiter-params-5.11.4.jar:/home/adriano/.m2/repository/org/junit/jupiter/junit-jupiter-engine/5.11.4/junit-jupiter-engine-5.11.4.jar:/home/adriano/.m2/repository/org/junit/platform/junit-platform-engine/1.11.4/junit-platform-engine-1.11.4.jar:/home/adriano/.m2/repository/org/mockito/mockito-core/5.14.2/mockito-core-5.14.2.jar:/home/adriano/.m2/repository/net/bytebuddy/byte-buddy-agent/1.15.11/byte-buddy-agent-1.15.11.jar:/home/adriano/.m2/repository/org/objenesis/objenesis/3.3/objenesis-3.3.jar:/home/adriano/.m2/repository/org/mockito/mockito-junit-jupiter/5.14.2/mockito-junit-jupiter-5.14.2.jar:/home/adriano/.m2/repository/org/skyscreamer/jsonassert/1.5.3/jsonassert-1.5.3.jar:/home/adriano/.m2/repository/com/vaadin/external/google/android-json/0.0.20131108.vaadin1/android-json-0.0.20131108.vaadin1.jar:/home/adriano/.m2/repository/org/springframework/spring-core/6.2.7/spring-core-6.2.7.jar:/home/adriano/.m2/repository/org/springframework/spring-jcl/6.2.7/spring-jcl-6.2.7.jar:/home/adriano/.m2/repository/org/springframework/spring-test/6.2.7/spring-test-6.2.7.jar:/home/adriano/.m2/repository/org/xmlunit/xmlunit-core/2.10.1/xmlunit-core-2.10.1.jar:/home/adriano/.m2/repository/org/springframework/security/spring-security-test/6.4.6/spring-security-test-6.4.6.jar:/home/adriano/.m2/repository/org/springframework/security/spring-security-core/6.4.6/spring-security-core-6.4.6.jar:/home/adriano/.m2/repository/org/springframework/security/spring-security-crypto/6.4.6/spring-security-crypto-6.4.6.jar:/home/adriano/.m2/repository/com/mysql/mysql-connector-j/8.0.33/mysql-connector-j-8.0.33.jar:/home/adriano/.m2/repository/org/webjars/webjars-locator-core/0.59/webjars-locator-core-0.59.jar:/home/adriano/.m2/repository/io/github/classgraph/classgraph/4.8.173/classgraph-4.8.173.jar:/home/adriano/.m2/repository/com/fasterxml/jackson/core/jackson-core/2.18.4/jackson-core-2.18.4.jar:/home/adriano/.m2/repository/org/webjars/jquery/3.4.1/jquery-3.4.1.jar:/home/adriano/.m2/repository/org/webjars/bootstrap/4.4.1-1/bootstrap-4.4.1-1.jar:/home/adriano/.m2/repository/org/webjars/popper.js/1.14.3/popper.js-1.14.3.jar:/home/adriano/.m2/repository/org/webjars/bower/open-iconic/1.1.1/open-iconic-1.1.1.jar:/home/adriano/.m2/repository/org/webjars/bower/jquery-mask-plugin/1.14.15/jquery-mask-plugin-1.14.15.jar:/home/adriano/.m2/repository/nz/net/ultraq/thymeleaf/thymeleaf-layout-dialect/3.3.0/thymeleaf-layout-dialect-3.3.0.jar:/home/adriano/.m2/repository/org/apache/groovy/groovy/4.0.26/groovy-4.0.26.jar:/home/adriano/.m2/repository/nz/net/ultraq/groovy/groovy-extensions/2.1.0/groovy-extensions-2.1.0.jar:/home/adriano/.m2/repository/nz/net/ultraq/thymeleaf/thymeleaf-expression-processor/3.2.0/thymeleaf-expression-processor-3.2.0.jar:/home/adriano/.m2/repository/org/thymeleaf/thymeleaf/3.1.3.RELEASE/thymeleaf-3.1.3.RELEASE.jar:/home/adriano/.m2/repository/ognl/ognl/3.3.4/ognl-3.3.4.jar:/home/adriano/.m2/repository/org/javassist/javassist/3.29.0-GA/javassist-3.29.0-GA.jar:/home/adriano/.m2/repository/org/attoparser/attoparser/2.0.7.RELEASE/attoparser-2.0.7.RELEASE.jar:/home/adriano/.m2/repository/org/unbescape/unbescape/1.1.6.RELEASE/unbescape-1.1.6.RELEASE.jar:/home/adriano/.m2/repository/jakarta/validation/jakarta.validation-api/3.0.2/jakarta.validation-api-3.0.2.jar:"/>
    <property name="java.vm.vendor" value="Ubuntu"/>
    <property name="sun.arch.data.model" value="64"/>
    <property name="java.vendor.url" value="https://ubuntu.com/"/>
    <property name="user.timezone" value="America/Sao_Paulo"/>
    <property name="org.jboss.logging.provider" value="slf4j"/>
    <property name="os.name" value="Linux"/>
    <property name="java.vm.specification.version" value="21"/>
    <property name="APPLICATION_NAME" value="VeiculosMVC"/>
    <property name="sun.java.launcher" value="SUN_STANDARD"/>
    <property name="user.country" value="BR"/>
    <property name="sun.boot.library.path" value="/usr/lib/jvm/java-21-openjdk-amd64/lib"/>
    <property name="sun.java.command" value="/home/adriano/UFSCar/DSW1/Trabalho/dsw1-t1/VeiculosMVC/target/surefire/surefirebooter-20250618161246493_3.jar /home/adriano/UFSCar/DSW1/Trabalho/dsw1-t1/VeiculosMVC/target/surefire 2025-06-18T16-12-46_410-jvmRun1 surefire-20250618161246493_1tmp surefire_0-20250618161246493_2tmp"/>
    <property name="jdk.debug" value="release"/>
    <property name="surefire.test.class.path" value="/home/adriano/UFSCar/DSW1/Trabalho/dsw1-t1/VeiculosMVC/target/test-classes:/home/adriano/UFSCar/DSW1/Trabalho/dsw1-t1/VeiculosMVC/target/classes:/home/adriano/.m2/repository/org/springframework/boot/spring-boot-starter-data-jpa/3.4.6/spring-boot-starter-data-jpa-3.4.6.jar:/home/adriano/.m2/repository/org/springframework/boot/spring-boot-starter/3.4.6/spring-boot-starter-3.4.6.jar:/home/adriano/.m2/repository/org/springframework/boot/spring-boot-starter-logging/3.4.6/spring-boot-starter-logging-3.4.6.jar:/home/adriano/.m2/repository/ch/qos/logback/logback-classic/1.5.18/logback-classic-1.5.18.jar:/home/adriano/.m2/repository/ch/qos/logback/logback-core/1.5.18/logback-core-1.5.18.jar:/home/adriano/.m2/repository/org/apache/logging/log4j/log4j-to-slf4j/2.24.3/log4j-to-slf4j-2.24.3.jar:/home/adriano/.m2/repository/org/apache/logging/log4j/log4j-api/2.24.3/log4j-api-2.24.3.jar:/home/adriano/.m2/repository/org/slf4j/jul-to-slf4j/2.0.17/jul-to-slf4j-2.0.17.jar:/home/adriano/.m2/repository/jakarta/annotation/jakarta.annotation-api/2.1.1/jakarta.annotation-api-2.1.1.jar:/home/adriano/.m2/repository/org/yaml/snakeyaml/2.3/snakeyaml-2.3.jar:/home/adriano/.m2/repository/org/springframework/boot/spring-boot-starter-jdbc/3.4.6/spring-boot-starter-jdbc-3.4.6.jar:/home/adriano/.m2/repository/com/zaxxer/HikariCP/5.1.0/HikariCP-5.1.0.jar:/home/adriano/.m2/repository/org/springframework/spring-jdbc/6.2.7/spring-jdbc-6.2.7.jar:/home/adriano/.m2/repository/org/hibernate/orm/hibernate-core/6.6.15.Final/hibernate-core-6.6.15.Final.jar:/home/adriano/.m2/repository/jakarta/persistence/jakarta.persistence-api/3.1.0/jakarta.persistence-api-3.1.0.jar:/home/adriano/.m2/repository/jakarta/transaction/jakarta.transaction-api/2.0.1/jakarta.transaction-api-2.0.1.jar:/home/adriano/.m2/repository/org/jboss/logging/jboss-logging/3.6.1.Final/jboss-logging-3.6.1.Final.jar:/home/adriano/.m2/repository/org/hibernate/common/hibernate-commons-annotations/7.0.3.Final/hibernate-commons-annotations-7.0.3.Final.jar:/home/adriano/.m2/repository/io/smallrye/jandex/3.2.0/jandex-3.2.0.jar:/home/adriano/.m2/repository/com/fasterxml/classmate/1.7.0/classmate-1.7.0.jar:/home/adriano/.m2/repository/net/bytebuddy/byte-buddy/1.15.11/byte-buddy-1.15.11.jar:/home/adriano/.m2/repository/org/glassfish/jaxb/jaxb-runtime/4.0.5/jaxb-runtime-4.0.5.jar:/home/adriano/.m2/repository/org/glassfish/jaxb/jaxb-core/4.0.5/jaxb-core-4.0.5.jar:/home/adriano/.m2/repository/org/eclipse/angus/angus-activation/2.0.2/angus-activation-2.0.2.jar:/home/adriano/.m2/repository/org/glassfish/jaxb/txw2/4.0.5/txw2-4.0.5.jar:/home/adriano/.m2/repository/com/sun/istack/istack-commons-runtime/4.1.2/istack-commons-runtime-4.1.2.jar:/home/adriano/.m2/repository/jakarta/inject/jakarta.inject-api/2.0.1/jakarta.inject-api-2.0.1.jar:/home/adriano/.m2/repository/org/antlr/antlr4-runtime/4.13.0/antlr4-runtime-4.13.0.jar:/home/adriano/.m2/repository/org/springframework/data/spring-data-jpa/3.4.6/spring-data-jpa-3.4.6.jar:/home/adriano/.m2/repository/org/springframework/data/spring-data-commons/3.4.6/spring-data-commons-3.4.6.jar:/home/adriano/.m2/repository/org/springframework/spring-orm/6.2.7/spring-orm-6.2.7.jar:/home/adriano/.m2/repository/org/springframework/spring-context/6.2.7/spring-context-6.2.7.jar:/home/adriano/.m2/repository/org/springframework/spring-tx/6.2.7/spring-tx-6.2.7.jar:/home/adriano/.m2/repository/org/springframework/spring-beans/6.2.7/spring-beans-6.2.7.jar:/home/adriano/.m2/repository/org/springframework/spring-aspects/6.2.7/spring-aspects-6.2.7.jar:/home/adriano/.m2/repository/org/aspectj/aspectjweaver/1.9.24/aspectjweaver-1.9.24.jar:/home/adriano/.m2/repository/org/springframework/boot/spring-boot-starter-security/3.4.6/spring-boot-starter-security-3.4.6.jar:/home/adriano/.m2/repository/org/springframework/spring-aop/6.2.7/spring-aop-6.2.7.jar:/home/adriano/.m2/repository/org/springframework/security/spring-security-config/6.4.6/spring-security-config-6.4.6.jar:/home/adriano/.m2/repository/org/springframework/security/spring-security-web/6.4.6/spring-security-web-6.4.6.jar:/home/adriano/.m2/repository/org/springframework/spring-expression/6.2.7/spring-expression-6.2.7.jar:/home/adriano/.m2/repository/org/springframework/boot/spring-boot-starter-thymeleaf/3.4.6/spring-boot-starter-thymeleaf-3.4.6.jar:/home/adriano/.m2/repository/org/thymeleaf/thymeleaf-spring6/3.1.3.RELEASE/thymeleaf-spring6-3.1.3.RELEASE.jar:/home/adriano/.m2/repository/org/springframework/boot/spring-boot-starter-validation/3.4.6/spring-boot-starter-validation-3.4.6.jar:/home/adriano/.m2/repository/org/apache/tomcat/embed/tomcat-embed-el/10.1.41/tomcat-embed-el-10.1.41.jar:/home/adriano/.m2/repository/org/hibernate/validator/hibernate-validator/8.0.2.Final/hibernate-validator-8.0.2.Final.jar:/home/adriano/.m2/repository/org/springframework/boot/spring-boot-starter-web/3.4.6/spring-boot-starter-web-3.4.6.jar:/home/adriano/.m2/repository/org/springframework/boot/spring-boot-starter-json/3.4.6/spring-boot-starter-json-3.4.6.jar:/home/adriano/.m2/repository/com/fasterxml/jackson/core/jackson-databind/2.18.4/jackson-databind-2.18.4.jar:/home/adriano/.m2/repository/com/fasterxml/jackson/core/jackson-annotations/2.18.4/jackson-annotations-2.18.4.jar:/home/adriano/.m2/repository/com/fasterxml/jackson/datatype/jackson-datatype-jdk8/2.18.4/jackson-datatype-jdk8-2.18.4.jar:/home/adriano/.m2/repository/com/fasterxml/jackson/datatype/jackson-datatype-jsr310/2.18.4/jackson-datatype-jsr310-2.18.4.jar:/home/adriano/.m2/repository/com/fasterxml/jackson/module/jackson-module-parameter-names/2.18.4/jackson-module-parameter-names-2.18.4.jar:/home/adriano/.m2/repository/org/springframework/boot/spring-boot-starter-tomcat/3.4.6/spring-boot-starter-tomcat-3.4.6.jar:/home/adriano/.m2/repository/org/apache/tomcat/embed/tomcat-embed-core/10.1.41/tomcat-embed-core-10.1.41.jar:/home/adriano/.m2/repository/org/apache/tomcat/embed/tomcat-embed-websocket/10.1.41/tomcat-embed-websocket-10.1.41.jar:/home/adriano/.m2/repository/org/springframework/spring-web/6.2.7/spring-web-6.2.7.jar:/home/adriano/.m2/repository/io/micrometer/micrometer-observation/1.14.7/micrometer-observation-1.14.7.jar:/home/adriano/.m2/repository/io/micrometer/micrometer-commons/1.14.7/micrometer-commons-1.14.7.jar:/home/adriano/.m2/repository/org/springframework/spring-webmvc/6.2.7/spring-webmvc-6.2.7.jar:/home/adriano/.m2/repository/org/thymeleaf/extras/thymeleaf-extras-springsecurity6/3.1.3.RELEASE/thymeleaf-extras-springsecurity6-3.1.3.RELEASE.jar:/home/adriano/.m2/repository/org/slf4j/slf4j-api/2.0.17/slf4j-api-2.0.17.jar:/home/adriano/.m2/repository/org/springframework/boot/spring-boot-devtools/3.4.6/spring-boot-devtools-3.4.6.jar:/home/adriano/.m2/repository/org/springframework/boot/spring-boot/3.4.6/spring-boot-3.4.6.jar:/home/adriano/.m2/repository/org/springframework/boot/spring-boot-autoconfigure/3.4.6/spring-boot-autoconfigure-3.4.6.jar:/home/adriano/.m2/repository/org/springframework/boot/spring-boot-starter-test/3.4.6/spring-boot-starter-test-3.4.6.jar:/home/adriano/.m2/repository/org/springframework/boot/spring-boot-test/3.4.6/spring-boot-test-3.4.6.jar:/home/adriano/.m2/repository/org/springframework/boot/spring-boot-test-autoconfigure/3.4.6/spring-boot-test-autoconfigure-3.4.6.jar:/home/adriano/.m2/repository/com/jayway/jsonpath/json-path/2.9.0/json-path-2.9.0.jar:/home/adriano/.m2/repository/jakarta/xml/bind/jakarta.xml.bind-api/4.0.2/jakarta.xml.bind-api-4.0.2.jar:/home/adriano/.m2/repository/jakarta/activation/jakarta.activation-api/2.1.3/jakarta.activation-api-2.1.3.jar:/home/adriano/.m2/repository/net/minidev/json-smart/2.5.2/json-smart-2.5.2.jar:/home/adriano/.m2/repository/net/minidev/accessors-smart/2.5.2/accessors-smart-2.5.2.jar:/home/adriano/.m2/repository/org/ow2/asm/asm/9.7.1/asm-9.7.1.jar:/home/adriano/.m2/repository/org/assertj/assertj-core/3.26.3/assertj-core-3.26.3.jar:/home/adriano/.m2/repository/org/awaitility/awaitility/4.2.2/awaitility-4.2.2.jar:/home/adriano/.m2/repository/org/hamcrest/hamcrest/2.2/hamcrest-2.2.jar:/home/adriano/.m2/repository/org/junit/jupiter/junit-jupiter/5.11.4/junit-jupiter-5.11.4.jar:/home/adriano/.m2/repository/org/junit/jupiter/junit-jupiter-api/5.11.4/junit-jupiter-api-5.11.4.jar:/home/adriano/.m2/repository/org/opentest4j/opentest4j/1.3.0/opentest4j-1.3.0.jar:/home/adriano/.m2/repository/org/junit/platform/junit-platform-commons/1.11.4/junit-platform-commons-1.11.4.jar:/home/adriano/.m2/repository/org/apiguardian/apiguardian-api/1.1.2/apiguardian-api-1.1.2.jar:/home/adriano/.m2/repository/org/junit/jupiter/junit-jupiter-params/5.11.4/junit-jupiter-params-5.11.4.jar:/home/adriano/.m2/repository/org/junit/jupiter/junit-jupiter-engine/5.11.4/junit-jupiter-engine-5.11.4.jar:/home/adriano/.m2/repository/org/junit/platform/junit-platform-engine/1.11.4/junit-platform-engine-1.11.4.jar:/home/adriano/.m2/repository/org/mockito/mockito-core/5.14.2/mockito-core-5.14.2.jar:/home/adriano/.m2/repository/net/bytebuddy/byte-buddy-agent/1.15.11/byte-buddy-agent-1.15.11.jar:/home/adriano/.m2/repository/org/objenesis/objenesis/3.3/objenesis-3.3.jar:/home/adriano/.m2/repository/org/mockito/mockito-junit-jupiter/5.14.2/mockito-junit-jupiter-5.14.2.jar:/home/adriano/.m2/repository/org/skyscreamer/jsonassert/1.5.3/jsonassert-1.5.3.jar:/home/adriano/.m2/repository/com/vaadin/external/google/android-json/0.0.20131108.vaadin1/android-json-0.0.20131108.vaadin1.jar:/home/adriano/.m2/repository/org/springframework/spring-core/6.2.7/spring-core-6.2.7.jar:/home/adriano/.m2/repository/org/springframework/spring-jcl/6.2.7/spring-jcl-6.2.7.jar:/home/adriano/.m2/repository/org/springframework/spring-test/6.2.7/spring-test-6.2.7.jar:/home/adriano/.m2/repository/org/xmlunit/xmlunit-core/2.10.1/xmlunit-core-2.10.1.jar:/home/adriano/.m2/repository/org/springframework/security/spring-security-test/6.4.6/spring-security-test-6.4.6.jar:/home/adriano/.m2/repository/org/springframework/security/spring-security-core/6.4.6/spring-security-core-6.4.6.jar:/home/adriano/.m2/repository/org/springframework/security/spring-security-crypto/6.4.6/spring-security-crypto-6.4.6.jar:/home/adriano/.m2/repository/com/mysql/mysql-connector-j/8.0.33/mysql-connector-j-8.0.33.jar:/home/adriano/.m2/repository/org/webjars/webjars-locator-core/0.59/webjars-locator-core-0.59.jar:/home/adriano/.m2/repository/io/github/classgraph/classgraph/4.8.173/classgraph-4.8.173.jar:/home/adriano/.m2/repository/com/fasterxml/jackson/core/jackson-core/2.18.4/jackson-core-2.18.4.jar:/home/adriano/.m2/repository/org/webjars/jquery/3.4.1/jquery-3.4.1.jar:/home/adriano/.m2/repository/org/webjars/bootstrap/4.4.1-1/bootstrap-4.4.1-1.jar:/home/adriano/.m2/repository/org/webjars/popper.js/1.14.3/popper.js-1.14.3.jar:/home/adriano/.m2/repository/org/webjars/bower/open-iconic/1.1.1/open-iconic-1.1.1.jar:/home/adriano/.m2/repository/org/webjars/bower/jquery-mask-plugin/1.14.15/jquery-mask-plugin-1.14.15.jar:/home/adriano/.m2/repository/nz/net/ultraq/thymeleaf/thymeleaf-layout-dialect/3.3.0/thymeleaf-layout-dialect-3.3.0.jar:/home/adriano/.m2/repository/org/apache/groovy/groovy/4.0.26/groovy-4.0.26.jar:/home/adriano/.m2/repository/nz/net/ultraq/groovy/groovy-extensions/2.1.0/groovy-extensions-2.1.0.jar:/home/adriano/.m2/repository/nz/net/ultraq/thymeleaf/thymeleaf-expression-processor/3.2.0/thymeleaf-expression-processor-3.2.0.jar:/home/adriano/.m2/repository/org/thymeleaf/thymeleaf/3.1.3.RELEASE/thymeleaf-3.1.3.RELEASE.jar:/home/adriano/.m2/repository/ognl/ognl/3.3.4/ognl-3.3.4.jar:/home/adriano/.m2/repository/org/javassist/javassist/3.29.0-GA/javassist-3.29.0-GA.jar:/home/adriano/.m2/repository/org/attoparser/attoparser/2.0.7.RELEASE/attoparser-2.0.7.RELEASE.jar:/home/adriano/.m2/repository/org/unbescape/unbescape/1.1.6.RELEASE/unbescape-1.1.6.RELEASE.jar:/home/adriano/.m2/repository/jakarta/validation/jakarta.validation-api/3.0.2/jakarta.validation-api-3.0.2.jar:"/>
    <property name="sun.cpu.endian" value="little"/>
    <property name="user.home" value="/home/adriano"/>
    <property name="user.language" value="pt"/>
    <property name="java.specification.vendor" value="Oracle Corporation"/>
    <property name="java.version.date" value="2025-04-15"/>
    <property name="java.home" value="/usr/lib/jvm/java-21-openjdk-amd64"/>
    <property name="file.separator" value="/"/>
    <property name="basedir" value="/home/adriano/UFSCar/DSW1/Trabalho/dsw1-t1/VeiculosMVC"/>
    <property name="java.vm.compressedOopsMode" value="32-bit"/>
    <property name="line.separator" value="&#10;"/>
    <property name="java.vm.specification.vendor" value="Oracle Corporation"/>
    <property name="java.specification.name" value="Java Platform API Specification"/>
    <property name="FILE_LOG_CHARSET" value="UTF-8"/>
    <property name="java.awt.headless" value="true"/>
    <property name="surefire.real.class.path" value="/home/adriano/UFSCar/DSW1/Trabalho/dsw1-t1/VeiculosMVC/target/surefire/surefirebooter-20250618161246493_3.jar"/>
    <property name="sun.management.compiler" value="HotSpot 64-Bit Tiered Compilers"/>
    <property name="java.runtime.version" value="21.0.7+6-Ubuntu-0ubuntu124.04"/>
    <property name="user.name" value="adriano"/>
    <property name="stdout.encoding" value="UTF-8"/>
    <property name="path.separator" value=":"/>
    <property name="os.version" value="6.11.0-26-generic"/>
    <property name="java.runtime.name" value="OpenJDK Runtime Environment"/>
    <property name="file.encoding" value="UTF-8"/>
    <property name="java.vm.name" value="OpenJDK 64-Bit Server VM"/>
    <property name="localRepository" value="/home/adriano/.m2/repository"/>
    <property name="java.vendor.url.bug" value="https://bugs.launchpad.net/ubuntu/+source/openjdk-21"/>
    <property name="java.io.tmpdir" value="/tmp"/>
    <property name="com.zaxxer.hikari.pool_number" value="1"/>
    <property name="java.version" value="21.0.7"/>
    <property name="user.dir" value="/home/adriano/UFSCar/DSW1/Trabalho/dsw1-t1/VeiculosMVC"/>
    <property name="os.arch" value="amd64"/>
    <property name="java.vm.specification.name" value="Java Virtual Machine Specification"/>
    <property name="PID" value="151483"/>
    <property name="CONSOLE_LOG_CHARSET" value="UTF-8"/>
    <property name="native.encoding" value="UTF-8"/>
    <property name="java.library.path" value="/usr/java/packages/lib:/usr/lib/x86_64-linux-gnu/jni:/lib/x86_64-linux-gnu:/usr/lib/x86_64-linux-gnu:/usr/lib/jni:/lib:/usr/lib"/>
    <property name="java.vm.info" value="mixed mode, sharing"/>
    <property name="stderr.encoding" value="UTF-8"/>
    <property name="java.vendor" value="Ubuntu"/>
    <property name="java.vm.version" value="21.0.7+6-Ubuntu-0ubuntu124.04"/>
    <property name="sun.io.unicode.encoding" value="UnicodeLittle"/>
    <property name="java.class.version" value="65.0"/>
    <property name="LOGGED_APPLICATION_NAME" value="[VeiculosMVC] "/>
  </properties>
  <testcase name="contextLoads" classname="br.ufscar.dc.dsw.VeiculosMvcApplicationTests" time="0.444">
    <system-out><![CDATA[16:12:46.919 [main] INFO org.springframework.test.context.support.AnnotationConfigContextLoaderUtils -- Could not detect default configuration classes for test class [br.ufscar.dc.dsw.VeiculosMvcApplicationTests]: VeiculosMvcApplicationTests does not declare any static, non-private, non-final, nested classes annotated with @Configuration.
16:12:46.987 [main] INFO org.springframework.boot.test.context.SpringBootTestContextBootstrapper -- Found @SpringBootConfiguration br.ufscar.dc.dsw.VeiculosMvcApplication for test class br.ufscar.dc.dsw.VeiculosMvcApplicationTests
16:12:47.070 [main] INFO org.springframework.boot.devtools.restart.RestartApplicationListener -- Restart disabled due to context in which it is running

  .   ____          _            __ _ _
 /\\ / ___'_ __ _ _(_)_ __  __ _ \ \ \ \
( ( )\___ | '_ | '_| | '_ \/ _` | \ \ \ \
 \\/  ___)| |_)| | | | | || (_| |  ) ) ) )
  '  |____| .__|_| |_|_| |_\__, | / / / /
 =========|_|==============|___/=/_/_/_/

 :: Spring Boot ::                (v3.4.6)

2025-06-18T16:12:47.295-03:00  INFO 151483 --- [VeiculosMVC] [           main] b.u.dc.dsw.VeiculosMvcApplicationTests   : Starting VeiculosMvcApplicationTests using Java 21.0.7 with PID 151483 (started by adriano in /home/adriano/UFSCar/DSW1/Trabalho/dsw1-t1/VeiculosMVC)
2025-06-18T16:12:47.297-03:00  INFO 151483 --- [VeiculosMVC] [           main] b.u.dc.dsw.VeiculosMvcApplicationTests   : No active profile set, falling back to 1 default profile: "default"
2025-06-18T16:12:47.979-03:00  INFO 151483 --- [VeiculosMVC] [           main] .s.d.r.c.RepositoryConfigurationDelegate : Bootstrapping Spring Data JPA repositories in DEFAULT mode.
2025-06-18T16:12:48.012-03:00  INFO 151483 --- [VeiculosMVC] [           main] .s.d.r.c.RepositoryConfigurationDelegate : Finished Spring Data repository scanning in 27 ms. Found 5 JPA repository interfaces.
2025-06-18T16:12:48.444-03:00  INFO 151483 --- [VeiculosMVC] [           main] o.hibernate.jpa.internal.util.LogHelper  : HHH000204: Processing PersistenceUnitInfo [name: default]
2025-06-18T16:12:48.481-03:00  INFO 151483 --- [VeiculosMVC] [           main] org.hibernate.Version                    : HHH000412: Hibernate ORM core version 6.6.15.Final
2025-06-18T16:12:48.499-03:00  INFO 151483 --- [VeiculosMVC] [           main] o.h.c.internal.RegionFactoryInitiator    : HHH000026: Second-level cache disabled
2025-06-18T16:12:48.640-03:00  INFO 151483 --- [VeiculosMVC] [           main] o.s.o.j.p.SpringPersistenceUnitInfo      : No LoadTimeWeaver setup: ignoring JPA class transformer
2025-06-18T16:12:48.655-03:00  INFO 151483 --- [VeiculosMVC] [           main] com.zaxxer.hikari.HikariDataSource       : HikariPool-1 - Starting...
2025-06-18T16:12:48.946-03:00  INFO 151483 --- [VeiculosMVC] [           main] com.zaxxer.hikari.pool.HikariPool        : HikariPool-1 - Added connection com.mysql.cj.jdbc.ConnectionImpl@28b2e4d8
2025-06-18T16:12:48.947-03:00  INFO 151483 --- [VeiculosMVC] [           main] com.zaxxer.hikari.HikariDataSource       : HikariPool-1 - Start completed.
2025-06-18T16:12:49.023-03:00  INFO 151483 --- [VeiculosMVC] [           main] org.hibernate.orm.connections.pooling    : HHH10001005: Database info:
	Database JDBC URL [Connecting through datasource 'HikariDataSource (HikariPool-1)']
	Database driver: undefined/unknown
	Database version: 8.0.42
	Autocommit mode: undefined/unknown
	Isolation level: undefined/unknown
	Minimum pool size: undefined/unknown
	Maximum pool size: undefined/unknown
2025-06-18T16:12:49.669-03:00  INFO 151483 --- [VeiculosMVC] [           main] o.h.e.t.j.p.i.JtaPlatformInitiator       : HHH000489: No JTA platform available (set 'hibernate.transaction.jta.platform' to enable JTA platform integration)
2025-06-18T16:12:49.741-03:00  INFO 151483 --- [VeiculosMVC] [           main] j.LocalContainerEntityManagerFactoryBean : Initialized JPA EntityManagerFactory for persistence unit 'default'
2025-06-18T16:12:50.948-03:00  INFO 151483 --- [VeiculosMVC] [           main] r$InitializeUserDetailsManagerConfigurer : Global AuthenticationManager configured with UserDetailsService bean with name inMemoryUserDetailsManager
2025-06-18T16:12:51.051-03:00  INFO 151483 --- [VeiculosMVC] [           main] b.u.dc.dsw.VeiculosMvcApplicationTests   : Started VeiculosMvcApplicationTests in 3.992 seconds (process running for 4.51)
]]></system-out>
    <system-err><![CDATA[Mockito is currently self-attaching to enable the inline-mock-maker. This will no longer work in future releases of the JDK. Please add Mockito as an agent to your build what is described in Mockito's documentation: https://javadoc.io/doc/org.mockito/mockito-core/latest/org/mockito/Mockito.html#0.3
WARNING: A Java agent has been loaded dynamically (/home/adriano/.m2/repository/net/bytebuddy/byte-buddy-agent/1.15.11/byte-buddy-agent-1.15.11.jar)
WARNING: If a serviceability tool is in use, please run with -XX:+EnableDynamicAgentLoading to hide this warning
WARNING: If a serviceability tool is not in use, please run with -Djdk.instrument.traceUsage for more information
WARNING: Dynamic loading of agents will be disallowed by default in a future release
]]></system-err>
  </testcase>
</testsuite>